Build started 15-04-2016 11:30:12.
     1>Project "C:\Users\KANAK\Desktop\UPDATED CUSTOM CODES FOR V9.0\Sinkhole_Attack_v9\Simulation - Sinkhole Attack\DSR\DSR.vcxproj" on node 2 (rebuild target(s)).
     1>_PrepareForClean:
         Deleting file "Debug\DSR.lastbuildstate".
     1>C:\Program Files (x86)\MSBuild\Microsoft.Cpp\v4.0\Microsoft.CppBuild.targets(299,5): warning MSB8004: Output Directory does not end with a trailing slash.  This build instance will add the slash as it is required to allow proper evaluation of the Output Directory.
       InitializeBuildStatus:
         Touching "Debug\DSR.unsuccessfulbuild".
       ClCompile:
         c:\Program Files (x86)\Microsoft Visual Studio 10.0\VC\bin\CL.exe /c /I..\Include /ZI /nologo /W3 /WX- /Od /Oy- /D WIN32 /D _DEBUG /D _WINDOWS /D _USRDLL /D DSR_EXPORTS /D _WINDLL /D _UNICODE /D UNICODE /Gm /EHsc /RTC1 /MDd /GS /fp:precise /Zc:wchar_t /Zc:forScope /Fo"Debug\\" /Fd"Debug\vc100.pdb" /Gd /TC /analyze- /errorReport:prompt CheckRouteFound.c DSR.c MaintBuffer.c Malicious.c Network_Layer_Ack.c PacketProcessing.c RouteCache.c RouteError.c RouteReply.c RouteRequest.c SendBuffer.c SourceRoute.c
         SourceRoute.c
         SendBuffer.c
         RouteRequest.c
         RouteReply.c
     1>c:\users\kanak\desktop\updated custom codes for v9.0\sinkhole_attack_v9\simulation - sinkhole attack\dsr\routereply.c(193): warning C4018: '<' : signed/unsigned mismatch
         RouteError.c
         RouteCache.c
         PacketProcessing.c
         Network_Layer_Ack.c
         Malicious.c
         MaintBuffer.c
         DSR.c
     1>c:\users\kanak\desktop\updated custom codes for v9.0\sinkhole_attack_v9\simulation - sinkhole attack\dsr\dsr.c(118): warning C4013: 'fn_NetSim_DSR_MaliciousNode' undefined; assuming extern returning int
     1>c:\users\kanak\desktop\updated custom codes for v9.0\sinkhole_attack_v9\simulation - sinkhole attack\dsr\dsr.c(119): warning C4013: 'fn_NetSim_DSR_MaliciousProcessSourceRouteOption' undefined; assuming extern returning int
     1>c:\users\kanak\desktop\updated custom codes for v9.0\sinkhole_attack_v9\simulation - sinkhole attack\dsr\dsr.c(128): warning C4013: 'fn_NetSim_DSR_MaliciousRouteAddToCache' undefined; assuming extern returning int
         CheckRouteFound.c
         Generating Code...
       ManifestResourceCompile:
         c:\Program Files (x86)\Microsoft SDKs\Windows\v7.0A\bin\rc.exe /nologo /fo"Debug\DSR.dll.embed.manifest.res" Debug\DSR_manifest.rc 
     1>C:\Program Files (x86)\MSBuild\Microsoft.Cpp\v4.0\Microsoft.CppBuild.targets(990,5): warning MSB8012: TargetPath(C:\Users\KANAK\Desktop\UPDATED CUSTOM CODES FOR V9.0\Sinkhole_Attack_v9\Simulation - Sinkhole Attack\DSR\..\Dll\DSR.dll) does not match the Linker's OutputFile property value (C:\Users\KANAK\Desktop\UPDATED CUSTOM CODES FOR V9.0\Sinkhole_Attack_v9\Simulation - Sinkhole Attack\Dll\libDSR.dll). This may cause your project to build incorrectly. To correct this, please make sure that $(OutDir), $(TargetName) and $(TargetExt) property values match the value specified in %(Link.OutputFile).
     1>C:\Program Files (x86)\MSBuild\Microsoft.Cpp\v4.0\Microsoft.CppBuild.targets(992,5): warning MSB8012: TargetName(DSR) does not match the Linker's OutputFile property value (libDSR). This may cause your project to build incorrectly. To correct this, please make sure that $(OutDir), $(TargetName) and $(TargetExt) property values match the value specified in %(Link.OutputFile).
       Link:
         c:\Program Files (x86)\Microsoft Visual Studio 10.0\VC\bin\link.exe /ERRORREPORT:PROMPT /OUT:"..\Dll\libDSR.dll" /INCREMENTAL /NOLOGO /LIBPATH:..\lib kernel32.lib user32.lib gdi32.lib winspool.lib comdlg32.lib advapi32.lib shell32.lib ole32.lib oleaut32.lib uuid.lib odbc32.lib odbccp32.lib /MANIFEST /ManifestFile:"Debug\DSR.dll.intermediate.manifest" /MANIFESTUAC:"level='asInvoker' uiAccess='false'" /DEBUG /PDB:"C:\Users\KANAK\Desktop\UPDATED CUSTOM CODES FOR V9.0\Sinkhole_Attack_v9\Simulation - Sinkhole Attack\Dll\DSR.pdb" /SUBSYSTEM:WINDOWS /TLBID:1 /DYNAMICBASE /NXCOMPAT /IMPLIB:"..\Dll\DSR.lib" /MACHINE:X86 /DLL Debug\DSR.dll.embed.manifest.res
         Debug\CheckRouteFound.obj
         Debug\DSR.obj
         Debug\MaintBuffer.obj
         Debug\Malicious.obj
         Debug\Network_Layer_Ack.obj
         Debug\PacketProcessing.obj
         Debug\RouteCache.obj
         Debug\RouteError.obj
         Debug\RouteReply.obj
         Debug\RouteRequest.obj
         Debug\SendBuffer.obj
         Debug\SourceRoute.obj List.lib DSR.lib NetworkStack.lib Metrics.lib 
         List.lib(List.obj) : MSIL .netmodule or module compiled with /GL found; restarting link with /LTCG; add /LTCG to the link command line to improve linker performance
     1>LINK : warning LNK4075: ignoring '/INCREMENTAL' due to '/LTCG' specification
            Creating library ..\Dll\DSR.lib and object ..\Dll\DSR.exp
     1>LINK : warning LNK4098: defaultlib 'MSVCRT' conflicts with use of other libs; use /NODEFAULTLIB:library
         Generating code
         Finished generating code
     1>List.lib(List.obj) : warning LNK4099: PDB 'vc100.pdb' was not found with 'List.lib(List.obj)' or at 'C:\Users\KANAK\Desktop\UPDATED CUSTOM CODES FOR V9.0\Sinkhole_Attack_v9\Simulation - Sinkhole Attack\Dll\vc100.pdb'; linking object as if no debug info
     1>DSR.lib(DSR.obj) : warning LNK4099: PDB 'vc100.pdb' was not found with 'DSR.lib(DSR.obj)' or at 'C:\Users\KANAK\Desktop\UPDATED CUSTOM CODES FOR V9.0\Sinkhole_Attack_v9\Simulation - Sinkhole Attack\Dll\vc100.pdb'; linking object as if no debug info
     1>DSR.lib(LinkLayerAck.obj) : warning LNK4099: PDB 'vc100.pdb' was not found with 'DSR.lib(LinkLayerAck.obj)' or at 'C:\Users\KANAK\Desktop\UPDATED CUSTOM CODES FOR V9.0\Sinkhole_Attack_v9\Simulation - Sinkhole Attack\Dll\vc100.pdb'; linking object as if no debug info
       Manifest:
         Deleting file "Debug\DSR.dll.embed.manifest".
         c:\Program Files (x86)\Microsoft SDKs\Windows\v7.0A\bin\mt.exe /nologo /verbose /out:"Debug\DSR.dll.embed.manifest" /manifest Debug\DSR.dll.intermediate.manifest
         c:\Program Files (x86)\Microsoft SDKs\Windows\v7.0A\bin\rc.exe /nologo /fo"Debug\DSR.dll.embed.manifest.res" Debug\DSR_manifest.rc 
       LinkEmbedManifest:
         c:\Program Files (x86)\Microsoft Visual Studio 10.0\VC\bin\link.exe /ERRORREPORT:PROMPT /OUT:"..\Dll\libDSR.dll" /INCREMENTAL /NOLOGO /LIBPATH:..\lib kernel32.lib user32.lib gdi32.lib winspool.lib comdlg32.lib advapi32.lib shell32.lib ole32.lib oleaut32.lib uuid.lib odbc32.lib odbccp32.lib /MANIFEST /ManifestFile:"Debug\DSR.dll.intermediate.manifest" /MANIFESTUAC:"level='asInvoker' uiAccess='false'" /DEBUG /PDB:"C:\Users\KANAK\Desktop\UPDATED CUSTOM CODES FOR V9.0\Sinkhole_Attack_v9\Simulation - Sinkhole Attack\Dll\DSR.pdb" /SUBSYSTEM:WINDOWS /TLBID:1 /DYNAMICBASE /NXCOMPAT /IMPLIB:"..\Dll\DSR.lib" /MACHINE:X86 /DLL Debug\DSR.dll.embed.manifest.res
         Debug\CheckRouteFound.obj
         Debug\DSR.obj
         Debug\MaintBuffer.obj
         Debug\Malicious.obj
         Debug\Network_Layer_Ack.obj
         Debug\PacketProcessing.obj
         Debug\RouteCache.obj
         Debug\RouteError.obj
         Debug\RouteReply.obj
         Debug\RouteRequest.obj
         Debug\SendBuffer.obj
         Debug\SourceRoute.obj List.lib DSR.lib NetworkStack.lib Metrics.lib 
         List.lib(List.obj) : MSIL .netmodule or module compiled with /GL found; restarting link with /LTCG; add /LTCG to the link command line to improve linker performance
     1>LINK : warning LNK4075: ignoring '/INCREMENTAL' due to '/LTCG' specification
            Creating library ..\Dll\DSR.lib and object ..\Dll\DSR.exp
     1>LINK : warning LNK4098: defaultlib 'MSVCRT' conflicts with use of other libs; use /NODEFAULTLIB:library
         Generating code
         Finished generating code
     1>List.lib(List.obj) : warning LNK4099: PDB 'vc100.pdb' was not found with 'List.lib(List.obj)' or at 'C:\Users\KANAK\Desktop\UPDATED CUSTOM CODES FOR V9.0\Sinkhole_Attack_v9\Simulation - Sinkhole Attack\Dll\vc100.pdb'; linking object as if no debug info
     1>DSR.lib(DSR.obj) : warning LNK4099: PDB 'vc100.pdb' was not found with 'DSR.lib(DSR.obj)' or at 'C:\Users\KANAK\Desktop\UPDATED CUSTOM CODES FOR V9.0\Sinkhole_Attack_v9\Simulation - Sinkhole Attack\Dll\vc100.pdb'; linking object as if no debug info
     1>DSR.lib(LinkLayerAck.obj) : warning LNK4099: PDB 'vc100.pdb' was not found with 'DSR.lib(LinkLayerAck.obj)' or at 'C:\Users\KANAK\Desktop\UPDATED CUSTOM CODES FOR V9.0\Sinkhole_Attack_v9\Simulation - Sinkhole Attack\Dll\vc100.pdb'; linking object as if no debug info
         DSR.vcxproj -> C:\Users\KANAK\Desktop\UPDATED CUSTOM CODES FOR V9.0\Sinkhole_Attack_v9\Simulation - Sinkhole Attack\DSR\..\Dll\DSR.dll
       FinalizeBuildStatus:
         Deleting file "Debug\DSR.unsuccessfulbuild".
         Touching "Debug\DSR.lastbuildstate".
     1>Done Building Project "C:\Users\KANAK\Desktop\UPDATED CUSTOM CODES FOR V9.0\Sinkhole_Attack_v9\Simulation - Sinkhole Attack\DSR\DSR.vcxproj" (rebuild target(s)).

Build succeeded.

Time Elapsed 00:00:05.27
