C:\USERS\KANAK\DESKTOP\UPDATED CUSTOM CODES FOR V9.0\SINKHOLE_ATTACK_V9\SIMULATION - SINKHOLE ATTACK\DSR\DEBUG\CHECKROUTEFOUND.OBJ
C:\Users\KANAK\Desktop\UPDATED CUSTOM CODES FOR V9.0\Sinkhole_Attack_v9\Simulation - Sinkhole Attack\DSR\Debug\cl.command.1.tlog
C:\Users\KANAK\Desktop\UPDATED CUSTOM CODES FOR V9.0\Sinkhole_Attack_v9\Simulation - Sinkhole Attack\DSR\Debug\CL.read.1.tlog
C:\Users\KANAK\Desktop\UPDATED CUSTOM CODES FOR V9.0\Sinkhole_Attack_v9\Simulation - Sinkhole Attack\DSR\Debug\CL.write.1.tlog
C:\Users\KANAK\Desktop\UPDATED CUSTOM CODES FOR V9.0\Sinkhole_Attack_v9\Simulation - Sinkhole Attack\DSR\Debug\DSR.dll.embed.manifest
C:\USERS\KANAK\DESKTOP\UPDATED CUSTOM CODES FOR V9.0\SINKHOLE_ATTACK_V9\SIMULATION - SINKHOLE ATTACK\DSR\DEBUG\DSR.DLL.EMBED.MANIFEST.RES
C:\USERS\KANAK\DESKTOP\UPDATED CUSTOM CODES FOR V9.0\SINKHOLE_ATTACK_V9\SIMULATION - SINKHOLE ATTACK\DSR\DEBUG\DSR.OBJ
C:\Users\KANAK\Desktop\UPDATED CUSTOM CODES FOR V9.0\Sinkhole_Attack_v9\Simulation - Sinkhole Attack\DSR\Debug\DSR_manifest.rc
C:\Users\KANAK\Desktop\UPDATED CUSTOM CODES FOR V9.0\Sinkhole_Attack_v9\Simulation - Sinkhole Attack\DSR\Debug\link.command.1.tlog
C:\Users\KANAK\Desktop\UPDATED CUSTOM CODES FOR V9.0\Sinkhole_Attack_v9\Simulation - Sinkhole Attack\DSR\Debug\link.read.1.tlog
C:\Users\KANAK\Desktop\UPDATED CUSTOM CODES FOR V9.0\Sinkhole_Attack_v9\Simulation - Sinkhole Attack\DSR\Debug\link.write.1.tlog
C:\USERS\KANAK\DESKTOP\UPDATED CUSTOM CODES FOR V9.0\SINKHOLE_ATTACK_V9\SIMULATION - SINKHOLE ATTACK\DSR\DEBUG\MAINTBUFFER.OBJ
C:\USERS\KANAK\DESKTOP\UPDATED CUSTOM CODES FOR V9.0\SINKHOLE_ATTACK_V9\SIMULATION - SINKHOLE ATTACK\DSR\DEBUG\MALICIOUS.OBJ
C:\USERS\KANAK\DESKTOP\UPDATED CUSTOM CODES FOR V9.0\SINKHOLE_ATTACK_V9\SIMULATION - SINKHOLE ATTACK\DSR\DEBUG\NETWORK_LAYER_ACK.OBJ
C:\USERS\KANAK\DESKTOP\UPDATED CUSTOM CODES FOR V9.0\SINKHOLE_ATTACK_V9\SIMULATION - SINKHOLE ATTACK\DSR\DEBUG\PACKETPROCESSING.OBJ
C:\Users\KANAK\Desktop\UPDATED CUSTOM CODES FOR V9.0\Sinkhole_Attack_v9\Simulation - Sinkhole Attack\DSR\Debug\rc.command.1.tlog
C:\Users\KANAK\Desktop\UPDATED CUSTOM CODES FOR V9.0\Sinkhole_Attack_v9\Simulation - Sinkhole Attack\DSR\Debug\rc.read.1.tlog
C:\Users\KANAK\Desktop\UPDATED CUSTOM CODES FOR V9.0\Sinkhole_Attack_v9\Simulation - Sinkhole Attack\DSR\Debug\rc.write.1.tlog
C:\USERS\KANAK\DESKTOP\UPDATED CUSTOM CODES FOR V9.0\SINKHOLE_ATTACK_V9\SIMULATION - SINKHOLE ATTACK\DSR\DEBUG\ROUTECACHE.OBJ
C:\USERS\KANAK\DESKTOP\UPDATED CUSTOM CODES FOR V9.0\SINKHOLE_ATTACK_V9\SIMULATION - SINKHOLE ATTACK\DSR\DEBUG\ROUTEERROR.OBJ
C:\USERS\KANAK\DESKTOP\UPDATED CUSTOM CODES FOR V9.0\SINKHOLE_ATTACK_V9\SIMULATION - SINKHOLE ATTACK\DSR\DEBUG\ROUTEREPLY.OBJ
C:\USERS\KANAK\DESKTOP\UPDATED CUSTOM CODES FOR V9.0\SINKHOLE_ATTACK_V9\SIMULATION - SINKHOLE ATTACK\DSR\DEBUG\ROUTEREQUEST.OBJ
C:\USERS\KANAK\DESKTOP\UPDATED CUSTOM CODES FOR V9.0\SINKHOLE_ATTACK_V9\SIMULATION - SINKHOLE ATTACK\DSR\DEBUG\SENDBUFFER.OBJ
C:\USERS\KANAK\DESKTOP\UPDATED CUSTOM CODES FOR V9.0\SINKHOLE_ATTACK_V9\SIMULATION - SINKHOLE ATTACK\DSR\DEBUG\SOURCEROUTE.OBJ
C:\Users\KANAK\Desktop\UPDATED CUSTOM CODES FOR V9.0\Sinkhole_Attack_v9\Simulation - Sinkhole Attack\DSR\Debug\vc100.idb
C:\USERS\KANAK\DESKTOP\UPDATED CUSTOM CODES FOR V9.0\SINKHOLE_ATTACK_V9\SIMULATION - SINKHOLE ATTACK\DSR\DEBUG\VC100.PDB
